Database exists, assume schema does, too.
Message with ID 19891 created
Message with ID 19892 created
Message with ID 19893 created
Message with ID 19894 created
Message with ID 19895 created
Message with ID 19896 created
DB not found
Creating schema...
Schema created with file message_db/create_schema.sql
Insert chat successful
Insert monitored_chat successful
Message with ID 19897 created
Message with ID 19897 modified
Message with ID 19898 created
Message with ID 19899 created
Message with ID 19896 not found, thus it was not modified
Message with ID 25353 created
Message with ID 19900 created
Message with ID 19901 created
Database exists, assume schema does, too.
Message with ID 19902 created
Message with ID 19903 created
Database exists, assume schema does, too.
Database exists, assume schema does, too.
Message with ID 20037 created
Database exists, assume schema does, too.
Message with ID 20038 created
Message with ID 20039 created
Message with ID 20040 created
Message with ID 20041 created
Message with ID 20042 created
Message with ID 20043 created
Message with ID 160125 created
Message with ID 160126 created
Message with ID 160127 created
Message with ID 160128 created
Message with ID 160129 created
Message with ID 160130 created
